<?xml version="1.0" encoding="UTF-8"?>
<testng-results skipped="0" failed="0" ignored="0" total="1" passed="1">
  <reporter-output>
  </reporter-output>
  <suite name="Command line suite" duration-ms="0" started-at="2020-04-21T19:32:06 IST" finished-at="2020-04-21T19:32:06 IST">
    <groups>
    </groups>
    <test name="Command line test" duration-ms="0" started-at="2020-04-21T19:32:06 IST" finished-at="2020-04-21T19:32:06 IST">
      <class name="testautomation.MavenDemo1.AppTest">
        <test-method status="PASS" signature="testApp()[pri:0, instance:testApp(testautomation.MavenDemo1.AppTest)]" name="testApp" duration-ms="0" started-at="2020-04-21T19:32:06 IST" finished-at="2020-04-21T19:32:06 IST">
          <reporter-output>
          </reporter-output>
        </test-method> <!-- testApp -->
      </class> <!-- testautomation.MavenDemo1.AppTest -->
    </test> <!-- Command line test -->
  </suite> <!-- Command line suite -->
</testng-results>
