<?xml version="1.0" encoding="UTF-8"?>
<testng-results skipped="0" failed="0" ignored="0" total="2" passed="2">
  <reporter-output>
  </reporter-output>
  <suite name="Command line suite" duration-ms="63" started-at="2020-04-21T19:32:06 IST" finished-at="2020-04-21T19:32:06 IST">
    <groups>
    </groups>
    <test name="Command line test" duration-ms="63" started-at="2020-04-21T19:32:06 IST" finished-at="2020-04-21T19:32:06 IST">
      <class name="testautomation.MavenDemo1.SeleniumTest">
        <test-method status="PASS" signature="InvokeBrowser()[pri:0, instance:testautomation.MavenDemo1.SeleniumTest@1d057a39]" name="InvokeBrowser" duration-ms="0" started-at="2020-04-21T19:32:06 IST" finished-at="2020-04-21T19:32:06 IST">
          <reporter-output>
          </reporter-output>
        </test-method> <!-- InvokeBrowser -->
        <test-method status="PASS" signature="ValidateElements()[pri:0, instance:testautomation.MavenDemo1.SeleniumTest@1d057a39]" name="ValidateElements" duration-ms="0" started-at="2020-04-21T19:32:06 IST" finished-at="2020-04-21T19:32:06 IST">
          <reporter-output>
          </reporter-output>
        </test-method> <!-- ValidateElements -->
      </class> <!-- testautomation.MavenDemo1.SeleniumTest -->
    </test> <!-- Command line test -->
  </suite> <!-- Command line suite -->
</testng-results>
