<?xml version="1.0" encoding="UTF-8"?>
<testng-results skipped="0" failed="0" total="2" passed="2">
  <reporter-output>
  </reporter-output>
  <suite name="Default suite" duration-ms="58" started-at="2020-04-21T14:00:32Z" finished-at="2020-04-21T14:00:32Z">
    <groups>
    </groups>
    <test name="Default test" duration-ms="58" started-at="2020-04-21T14:00:32Z" finished-at="2020-04-21T14:00:32Z">
      <class name="testautomation.MavenDemo1.SeleniumTest">
        <test-method status="PASS" signature="InvokeBrowser()[pri:0, instance:testautomation.MavenDemo1.SeleniumTest@51efea79]" name="InvokeBrowser" duration-ms="20" started-at="2020-04-21T19:30:32Z" finished-at="2020-04-21T19:30:32Z">
          <reporter-output>
          </reporter-output>
        </test-method> <!-- InvokeBrowser -->
        <test-method status="PASS" signature="ValidateElements()[pri:0, instance:testautomation.MavenDemo1.SeleniumTest@51efea79]" name="ValidateElements" duration-ms="0" started-at="2020-04-21T19:30:32Z" finished-at="2020-04-21T19:30:32Z">
          <reporter-output>
          </reporter-output>
        </test-method> <!-- ValidateElements -->
      </class> <!-- testautomation.MavenDemo1.SeleniumTest -->
    </test> <!-- Default test -->
  </suite> <!-- Default suite -->
</testng-results>
